{"/workspaces/linkize-survey/postcss.config.js": {"path":"/workspaces/linkize-survey/postcss.config.js","all":true,"statementMap":{"0":{"start":{"line":1,"column":0},"end":{"line":1,"column":16}},"1":{"start":{"line":2,"column":0},"end":{"line":2,"column":12}},"2":{"start":{"line":3,"column":0},"end":{"line":3,"column":20}},"3":{"start":{"line":4,"column":0},"end":{"line":4,"column":21}},"4":{"start":{"line":5,"column":0},"end":{"line":5,"column":4}},"5":{"start":{"line":6,"column":0},"end":{"line":6,"column":1}}},"s":{"0":0,"1":0,"2":0,"3":0,"4":0,"5":0},"branchMap":{"0":{"type":"branch","line":1,"loc":{"start":{"line":1,"column":0},"end":{"line":6,"column":-11}},"locations":[{"start":{"line":1,"column":0},"end":{"line":6,"column":-11}}]}},"b":{"0":[0]},"fnMap":{"0":{"name":"(empty-report)","decl":{"start":{"line":1,"column":0},"end":{"line":6,"column":-11}},"loc":{"start":{"line":1,"column":0},"end":{"line":6,"column":-11}},"line":1}},"f":{"0":0}}
,"/workspaces/linkize-survey/tailwind.config.js": {"path":"/workspaces/linkize-survey/tailwind.config.js","all":true,"statementMap":{"0":{"start":{"line":1,"column":0},"end":{"line":1,"column":43}},"1":{"start":{"line":2,"column":0},"end":{"line":2,"column":16}},"2":{"start":{"line":3,"column":0},"end":{"line":3,"column":12}},"3":{"start":{"line":4,"column":0},"end":{"line":4,"column":19}},"4":{"start":{"line":5,"column":0},"end":{"line":5,"column":37}},"5":{"start":{"line":6,"column":0},"end":{"line":6,"column":4}},"6":{"start":{"line":7,"column":0},"end":{"line":7,"column":10}},"7":{"start":{"line":8,"column":0},"end":{"line":8,"column":13}},"8":{"start":{"line":9,"column":0},"end":{"line":9,"column":15}},"9":{"start":{"line":10,"column":0},"end":{"line":10,"column":34}},"10":{"start":{"line":11,"column":0},"end":{"line":11,"column":35}},"11":{"start":{"line":12,"column":0},"end":{"line":12,"column":8}},"12":{"start":{"line":13,"column":0},"end":{"line":13,"column":6}},"13":{"start":{"line":14,"column":0},"end":{"line":14,"column":4}},"14":{"start":{"line":15,"column":0},"end":{"line":15,"column":14}},"15":{"start":{"line":16,"column":0},"end":{"line":16,"column":1}}},"s":{"0":0,"1":0,"2":0,"3":0,"4":0,"5":0,"6":0,"7":0,"8":0,"9":0,"10":0,"11":0,"12":0,"13":0,"14":0,"15":0},"branchMap":{"0":{"type":"branch","line":1,"loc":{"start":{"line":1,"column":0},"end":{"line":16,"column":-13}},"locations":[{"start":{"line":1,"column":0},"end":{"line":16,"column":-13}}]}},"b":{"0":[0]},"fnMap":{"0":{"name":"(empty-report)","decl":{"start":{"line":1,"column":0},"end":{"line":16,"column":-13}},"loc":{"start":{"line":1,"column":0},"end":{"line":16,"column":-13}},"line":1}},"f":{"0":0}}
,"/workspaces/linkize-survey/test-supabase.js": {"path":"/workspaces/linkize-survey/test-supabase.js","all":true,"statementMap":{"0":{"start":{"line":1,"column":0},"end":{"line":1,"column":40}},"1":{"start":{"line":2,"column":0},"end":{"line":2,"column":71}},"2":{"start":{"line":3,"column":0},"end":{"line":3,"column":0}},"3":{"start":{"line":4,"column":0},"end":{"line":4,"column":52}},"4":{"start":{"line":5,"column":0},"end":{"line":5,"column":0}},"5":{"start":{"line":6,"column":0},"end":{"line":6,"column":62}},"6":{"start":{"line":7,"column":0},"end":{"line":7,"column":234}},"7":{"start":{"line":8,"column":0},"end":{"line":8,"column":0}},"8":{"start":{"line":9,"column":0},"end":{"line":9,"column":59}},"9":{"start":{"line":10,"column":0},"end":{"line":10,"column":0}},"10":{"start":{"line":11,"column":0},"end":{"line":11,"column":20}},"11":{"start":{"line":12,"column":0},"end":{"line":12,"column":32}},"12":{"start":{"line":13,"column":0},"end":{"line":13,"column":37}},"13":{"start":{"line":14,"column":0},"end":{"line":14,"column":2}},"14":{"start":{"line":15,"column":0},"end":{"line":15,"column":20}},"15":{"start":{"line":16,"column":0},"end":{"line":16,"column":37}},"16":{"start":{"line":17,"column":0},"end":{"line":17,"column":31}},"17":{"start":{"line":18,"column":0},"end":{"line":18,"column":44}},"18":{"start":{"line":19,"column":0},"end":{"line":19,"column":29}},"19":{"start":{"line":20,"column":0},"end":{"line":20,"column":60}},"20":{"start":{"line":21,"column":0},"end":{"line":21,"column":3}},"21":{"start":{"line":22,"column":0},"end":{"line":22,"column":2}},"22":{"start":{"line":23,"column":0},"end":{"line":23,"column":40}},"23":{"start":{"line":24,"column":0},"end":{"line":24,"column":29}},"24":{"start":{"line":25,"column":0},"end":{"line":25,"column":23}},"25":{"start":{"line":26,"column":0},"end":{"line":26,"column":13}},"26":{"start":{"line":27,"column":0},"end":{"line":27,"column":2}},"27":{"start":{"line":28,"column":0},"end":{"line":28,"column":14}},"28":{"start":{"line":29,"column":0},"end":{"line":29,"column":33}},"29":{"start":{"line":30,"column":0},"end":{"line":30,"column":10}},"30":{"start":{"line":31,"column":0},"end":{"line":31,"column":33}},"31":{"start":{"line":32,"column":0},"end":{"line":32,"column":3}},"32":{"start":{"line":33,"column":0},"end":{"line":33,"column":1}},"33":{"start":{"line":34,"column":0},"end":{"line":34,"column":0}},"34":{"start":{"line":35,"column":0},"end":{"line":35,"column":19}},"35":{"start":{"line":36,"column":0},"end":{"line":36,"column":32}},"36":{"start":{"line":37,"column":0},"end":{"line":37,"column":36}},"37":{"start":{"line":38,"column":0},"end":{"line":38,"column":2}},"38":{"start":{"line":39,"column":0},"end":{"line":39,"column":40}},"39":{"start":{"line":40,"column":0},"end":{"line":40,"column":29}},"40":{"start":{"line":41,"column":0},"end":{"line":41,"column":16}},"41":{"start":{"line":42,"column":0},"end":{"line":42,"column":13}},"42":{"start":{"line":43,"column":0},"end":{"line":43,"column":2}},"43":{"start":{"line":44,"column":0},"end":{"line":44,"column":14}},"44":{"start":{"line":45,"column":0},"end":{"line":45,"column":33}},"45":{"start":{"line":46,"column":0},"end":{"line":46,"column":10}},"46":{"start":{"line":47,"column":0},"end":{"line":47,"column":31}},"47":{"start":{"line":48,"column":0},"end":{"line":48,"column":3}},"48":{"start":{"line":49,"column":0},"end":{"line":49,"column":1}},"49":{"start":{"line":50,"column":0},"end":{"line":50,"column":0}},"50":{"start":{"line":51,"column":0},"end":{"line":51,"column":18}},"51":{"start":{"line":52,"column":0},"end":{"line":52,"column":12}},"52":{"start":{"line":53,"column":0},"end":{"line":53,"column":12}}},"s":{"0":0,"1":0,"2":0,"3":0,"4":0,"5":0,"6":0,"7":0,"8":0,"9":0,"10":0,"11":0,"12":0,"13":0,"14":0,"15":0,"16":0,"17":0,"18":0,"19":0,"20":0,"21":0,"22":0,"23":0,"24":0,"25":0,"26":0,"27":0,"28":0,"29":0,"30":0,"31":0,"32":0,"33":0,"34":0,"35":0,"36":0,"37":0,"38":0,"39":0,"40":0,"41":0,"42":0,"43":0,"44":0,"45":0,"46":0,"47":0,"48":0,"49":0,"50":0,"51":0,"52":0},"branchMap":{"0":{"type":"branch","line":1,"loc":{"start":{"line":1,"column":0},"end":{"line":53,"column":-74}},"locations":[{"start":{"line":1,"column":0},"end":{"line":53,"column":-74}}]}},"b":{"0":[0]},"fnMap":{"0":{"name":"(empty-report)","decl":{"start":{"line":1,"column":0},"end":{"line":53,"column":-74}},"loc":{"start":{"line":1,"column":0},"end":{"line":53,"column":-74}},"line":1}},"f":{"0":0}}
,"/workspaces/linkize-survey/src/App.vue": {"path":"/workspaces/linkize-survey/src/App.vue","all":false,"statementMap":{"0":{"start":{"line":1,"column":0},"end":{"line":1,"column":10}},"1":{"start":{"line":2,"column":0},"end":{"line":2,"column":108}},"2":{"start":{"line":3,"column":0},"end":{"line":3,"column":35}},"3":{"start":{"line":4,"column":0},"end":{"line":4,"column":21}},"4":{"start":{"line":5,"column":0},"end":{"line":5,"column":36}},"5":{"start":{"line":6,"column":0},"end":{"line":6,"column":55}},"6":{"start":{"line":7,"column":0},"end":{"line":7,"column":26}},"7":{"start":{"line":8,"column":0},"end":{"line":8,"column":13}},"8":{"start":{"line":9,"column":0},"end":{"line":9,"column":41}},"9":{"start":{"line":10,"column":0},"end":{"line":10,"column":59}},"10":{"start":{"line":11,"column":0},"end":{"line":11,"column":12}},"11":{"start":{"line":12,"column":0},"end":{"line":12,"column":12}},"12":{"start":{"line":13,"column":0},"end":{"line":13,"column":0}},"13":{"start":{"line":14,"column":0},"end":{"line":14,"column":26}},"14":{"start":{"line":15,"column":0},"end":{"line":15,"column":53}},"15":{"start":{"line":16,"column":0},"end":{"line":16,"column":81}},"16":{"start":{"line":17,"column":0},"end":{"line":17,"column":36}},"17":{"start":{"line":18,"column":0},"end":{"line":18,"column":82}},"18":{"start":{"line":19,"column":0},"end":{"line":19,"column":35}},"19":{"start":{"line":20,"column":0},"end":{"line":20,"column":208}},"20":{"start":{"line":21,"column":0},"end":{"line":21,"column":89}},"21":{"start":{"line":22,"column":0},"end":{"line":22,"column":18}},"22":{"start":{"line":23,"column":0},"end":{"line":23,"column":0}},"23":{"start":{"line":24,"column":0},"end":{"line":24,"column":67}},"24":{"start":{"line":25,"column":0},"end":{"line":25,"column":34}},"25":{"start":{"line":26,"column":0},"end":{"line":26,"column":103}},"26":{"start":{"line":27,"column":0},"end":{"line":27,"column":58}},"27":{"start":{"line":28,"column":0},"end":{"line":28,"column":21}},"28":{"start":{"line":29,"column":0},"end":{"line":29,"column":20}},"29":{"start":{"line":30,"column":0},"end":{"line":30,"column":0}},"30":{"start":{"line":31,"column":0},"end":{"line":31,"column":36}},"31":{"start":{"line":32,"column":0},"end":{"line":32,"column":69}},"32":{"start":{"line":33,"column":0},"end":{"line":33,"column":102}},"33":{"start":{"line":34,"column":0},"end":{"line":34,"column":22}},"34":{"start":{"line":35,"column":0},"end":{"line":35,"column":53}},"35":{"start":{"line":36,"column":0},"end":{"line":36,"column":30}},"36":{"start":{"line":37,"column":0},"end":{"line":37,"column":51}},"37":{"start":{"line":38,"column":0},"end":{"line":38,"column":33}},"38":{"start":{"line":39,"column":0},"end":{"line":39,"column":48}},"39":{"start":{"line":40,"column":0},"end":{"line":40,"column":91}},"40":{"start":{"line":41,"column":0},"end":{"line":41,"column":18}},"41":{"start":{"line":42,"column":0},"end":{"line":42,"column":87}},"42":{"start":{"line":43,"column":0},"end":{"line":43,"column":30}},"43":{"start":{"line":44,"column":0},"end":{"line":44,"column":24}},"44":{"start":{"line":45,"column":0},"end":{"line":45,"column":20}},"45":{"start":{"line":46,"column":0},"end":{"line":46,"column":18}},"46":{"start":{"line":47,"column":0},"end":{"line":47,"column":0}},"47":{"start":{"line":48,"column":0},"end":{"line":48,"column":38}},"48":{"start":{"line":49,"column":0},"end":{"line":49,"column":76}},"49":{"start":{"line":50,"column":0},"end":{"line":50,"column":102}},"50":{"start":{"line":51,"column":0},"end":{"line":51,"column":22}},"51":{"start":{"line":52,"column":0},"end":{"line":52,"column":53}},"52":{"start":{"line":53,"column":0},"end":{"line":53,"column":33}},"53":{"start":{"line":54,"column":0},"end":{"line":54,"column":33}},"54":{"start":{"line":55,"column":0},"end":{"line":55,"column":48}},"55":{"start":{"line":56,"column":0},"end":{"line":56,"column":99}},"56":{"start":{"line":57,"column":0},"end":{"line":57,"column":18}},"57":{"start":{"line":58,"column":0},"end":{"line":58,"column":87}},"58":{"start":{"line":59,"column":0},"end":{"line":59,"column":30}},"59":{"start":{"line":60,"column":0},"end":{"line":60,"column":24}},"60":{"start":{"line":61,"column":0},"end":{"line":61,"column":20}},"61":{"start":{"line":62,"column":0},"end":{"line":62,"column":18}},"62":{"start":{"line":63,"column":0},"end":{"line":63,"column":0}},"63":{"start":{"line":64,"column":0},"end":{"line":64,"column":34}},"64":{"start":{"line":65,"column":0},"end":{"line":65,"column":54}},"65":{"start":{"line":66,"column":0},"end":{"line":66,"column":20}},"66":{"start":{"line":67,"column":0},"end":{"line":67,"column":46}},"67":{"start":{"line":68,"column":0},"end":{"line":68,"column":57}},"68":{"start":{"line":69,"column":0},"end":{"line":69,"column":27}},"69":{"start":{"line":70,"column":0},"end":{"line":70,"column":136}},"70":{"start":{"line":71,"column":0},"end":{"line":71,"column":16}},"71":{"start":{"line":72,"column":0},"end":{"line":72,"column":18}},"72":{"start":{"line":73,"column":0},"end":{"line":73,"column":0}},"73":{"start":{"line":74,"column":0},"end":{"line":74,"column":38}},"74":{"start":{"line":75,"column":0},"end":{"line":75,"column":58}},"75":{"start":{"line":76,"column":0},"end":{"line":76,"column":23}},"76":{"start":{"line":77,"column":0},"end":{"line":77,"column":46}},"77":{"start":{"line":78,"column":0},"end":{"line":78,"column":84}},"78":{"start":{"line":79,"column":0},"end":{"line":79,"column":24}},"79":{"start":{"line":80,"column":0},"end":{"line":80,"column":148}},"80":{"start":{"line":81,"column":0},"end":{"line":81,"column":26}},"81":{"start":{"line":82,"column":0},"end":{"line":82,"column":18}},"82":{"start":{"line":83,"column":0},"end":{"line":83,"column":16}},"83":{"start":{"line":84,"column":0},"end":{"line":84,"column":0}},"84":{"start":{"line":85,"column":0},"end":{"line":85,"column":31}},"85":{"start":{"line":86,"column":0},"end":{"line":86,"column":53}},"86":{"start":{"line":87,"column":0},"end":{"line":87,"column":52}},"87":{"start":{"line":88,"column":0},"end":{"line":88,"column":20}},"88":{"start":{"line":89,"column":0},"end":{"line":89,"column":33}},"89":{"start":{"line":90,"column":0},"end":{"line":90,"column":31}},"90":{"start":{"line":91,"column":0},"end":{"line":91,"column":37}},"91":{"start":{"line":92,"column":0},"end":{"line":92,"column":102}},"92":{"start":{"line":93,"column":0},"end":{"line":93,"column":24}},"93":{"start":{"line":94,"column":0},"end":{"line":94,"column":16}},"94":{"start":{"line":95,"column":0},"end":{"line":95,"column":70}},"95":{"start":{"line":96,"column":0},"end":{"line":96,"column":77}},"96":{"start":{"line":97,"column":0},"end":{"line":97,"column":97}},"97":{"start":{"line":98,"column":0},"end":{"line":98,"column":98}},"98":{"start":{"line":99,"column":0},"end":{"line":99,"column":22}},"99":{"start":{"line":100,"column":0},"end":{"line":100,"column":18}},"100":{"start":{"line":101,"column":0},"end":{"line":101,"column":16}},"101":{"start":{"line":102,"column":0},"end":{"line":102,"column":0}},"102":{"start":{"line":103,"column":0},"end":{"line":103,"column":32}},"103":{"start":{"line":104,"column":0},"end":{"line":104,"column":28}},"104":{"start":{"line":105,"column":0},"end":{"line":105,"column":19}},"105":{"start":{"line":106,"column":0},"end":{"line":106,"column":27}},"106":{"start":{"line":107,"column":0},"end":{"line":107,"column":54}},"107":{"start":{"line":108,"column":0},"end":{"line":108,"column":279}},"108":{"start":{"line":109,"column":0},"end":{"line":109,"column":13}},"109":{"start":{"line":110,"column":0},"end":{"line":110,"column":68}},"110":{"start":{"line":111,"column":0},"end":{"line":111,"column":21}},"111":{"start":{"line":112,"column":0},"end":{"line":112,"column":16}},"112":{"start":{"line":113,"column":0},"end":{"line":113,"column":0}},"113":{"start":{"line":114,"column":0},"end":{"line":114,"column":32}},"114":{"start":{"line":115,"column":0},"end":{"line":115,"column":95}},"115":{"start":{"line":116,"column":0},"end":{"line":116,"column":48}},"116":{"start":{"line":117,"column":0},"end":{"line":117,"column":32}},"117":{"start":{"line":118,"column":0},"end":{"line":118,"column":16}},"118":{"start":{"line":119,"column":0},"end":{"line":119,"column":16}},"119":{"start":{"line":120,"column":0},"end":{"line":120,"column":15}},"120":{"start":{"line":121,"column":0},"end":{"line":121,"column":0}},"121":{"start":{"line":122,"column":0},"end":{"line":122,"column":32}},"122":{"start":{"line":123,"column":0},"end":{"line":123,"column":45}},"123":{"start":{"line":124,"column":0},"end":{"line":124,"column":28}},"124":{"start":{"line":125,"column":0},"end":{"line":125,"column":112}},"125":{"start":{"line":126,"column":0},"end":{"line":126,"column":141}},"126":{"start":{"line":127,"column":0},"end":{"line":127,"column":18}},"127":{"start":{"line":128,"column":0},"end":{"line":128,"column":16}},"128":{"start":{"line":129,"column":0},"end":{"line":129,"column":60}},"129":{"start":{"line":130,"column":0},"end":{"line":130,"column":39}},"130":{"start":{"line":131,"column":0},"end":{"line":131,"column":15}},"131":{"start":{"line":132,"column":0},"end":{"line":132,"column":40}},"132":{"start":{"line":133,"column":0},"end":{"line":133,"column":52}},"133":{"start":{"line":134,"column":0},"end":{"line":134,"column":14}},"134":{"start":{"line":135,"column":0},"end":{"line":135,"column":17}},"135":{"start":{"line":136,"column":0},"end":{"line":136,"column":30}},"136":{"start":{"line":137,"column":0},"end":{"line":137,"column":190}},"137":{"start":{"line":138,"column":0},"end":{"line":138,"column":11}},"138":{"start":{"line":139,"column":0},"end":{"line":139,"column":33}},"139":{"start":{"line":140,"column":0},"end":{"line":140,"column":19}},"140":{"start":{"line":141,"column":0},"end":{"line":141,"column":14}},"141":{"start":{"line":142,"column":0},"end":{"line":142,"column":12}},"142":{"start":{"line":143,"column":0},"end":{"line":143,"column":0}},"143":{"start":{"line":144,"column":0},"end":{"line":144,"column":21}},"144":{"start":{"line":145,"column":0},"end":{"line":145,"column":58}},"145":{"start":{"line":146,"column":0},"end":{"line":146,"column":33}},"146":{"start":{"line":147,"column":0},"end":{"line":147,"column":12}},"147":{"start":{"line":148,"column":0},"end":{"line":148,"column":10}},"148":{"start":{"line":149,"column":0},"end":{"line":149,"column":8}},"149":{"start":{"line":150,"column":0},"end":{"line":150,"column":11}},"150":{"start":{"line":151,"column":0},"end":{"line":151,"column":0}},"151":{"start":{"line":152,"column":0},"end":{"line":152,"column":14}},"152":{"start":{"line":153,"column":0},"end":{"line":153,"column":36}},"153":{"start":{"line":154,"column":0},"end":{"line":154,"column":52}},"154":{"start":{"line":155,"column":0},"end":{"line":155,"column":45}},"155":{"start":{"line":156,"column":0},"end":{"line":156,"column":0}},"156":{"start":{"line":157,"column":0},"end":{"line":157,"column":59}},"157":{"start":{"line":158,"column":0},"end":{"line":158,"column":25}},"158":{"start":{"line":159,"column":0},"end":{"line":159,"column":20}},"159":{"start":{"line":160,"column":0},"end":{"line":160,"column":23}},"160":{"start":{"line":161,"column":0},"end":{"line":161,"column":20}},"161":{"start":{"line":162,"column":0},"end":{"line":162,"column":19}},"162":{"start":{"line":163,"column":0},"end":{"line":163,"column":24}},"163":{"start":{"line":164,"column":0},"end":{"line":164,"column":26}},"164":{"start":{"line":165,"column":0},"end":{"line":165,"column":31}},"165":{"start":{"line":166,"column":0},"end":{"line":166,"column":30}},"166":{"start":{"line":167,"column":0},"end":{"line":167,"column":20}},"167":{"start":{"line":168,"column":0},"end":{"line":168,"column":26}},"168":{"start":{"line":169,"column":0},"end":{"line":169,"column":30}},"169":{"start":{"line":170,"column":0},"end":{"line":170,"column":21}},"170":{"start":{"line":171,"column":0},"end":{"line":171,"column":31}},"171":{"start":{"line":172,"column":0},"end":{"line":172,"column":37}},"172":{"start":{"line":173,"column":0},"end":{"line":173,"column":26}},"173":{"start":{"line":174,"column":0},"end":{"line":174,"column":35}},"174":{"start":{"line":175,"column":0},"end":{"line":175,"column":20}},"175":{"start":{"line":176,"column":0},"end":{"line":176,"column":33}},"176":{"start":{"line":177,"column":0},"end":{"line":177,"column":28}},"177":{"start":{"line":178,"column":0},"end":{"line":178,"column":25}},"178":{"start":{"line":179,"column":0},"end":{"line":179,"column":15}},"179":{"start":{"line":180,"column":0},"end":{"line":180,"column":1}},"180":{"start":{"line":181,"column":0},"end":{"line":181,"column":0}},"181":{"start":{"line":182,"column":0},"end":{"line":182,"column":29}},"182":{"start":{"line":183,"column":0},"end":{"line":183,"column":59}},"183":{"start":{"line":184,"column":0},"end":{"line":184,"column":68}},"184":{"start":{"line":185,"column":0},"end":{"line":185,"column":0}},"185":{"start":{"line":186,"column":0},"end":{"line":186,"column":41}},"186":{"start":{"line":187,"column":0},"end":{"line":187,"column":58}},"187":{"start":{"line":188,"column":0},"end":{"line":188,"column":0}},"188":{"start":{"line":189,"column":0},"end":{"line":189,"column":19}},"189":{"start":{"line":190,"column":0},"end":{"line":190,"column":37}},"190":{"start":{"line":191,"column":0},"end":{"line":191,"column":55}},"191":{"start":{"line":192,"column":0},"end":{"line":192,"column":58}},"192":{"start":{"line":193,"column":0},"end":{"line":193,"column":8}},"193":{"start":{"line":194,"column":0},"end":{"line":194,"column":58}},"194":{"start":{"line":195,"column":0},"end":{"line":195,"column":1}},"195":{"start":{"line":196,"column":0},"end":{"line":196,"column":0}},"196":{"start":{"line":197,"column":0},"end":{"line":197,"column":18}},"197":{"start":{"line":198,"column":0},"end":{"line":198,"column":23}},"198":{"start":{"line":199,"column":0},"end":{"line":199,"column":30}},"199":{"start":{"line":200,"column":0},"end":{"line":200,"column":31}},"200":{"start":{"line":201,"column":0},"end":{"line":201,"column":28}},"201":{"start":{"line":202,"column":0},"end":{"line":202,"column":28}},"202":{"start":{"line":203,"column":0},"end":{"line":203,"column":0}},"203":{"start":{"line":204,"column":0},"end":{"line":204,"column":40}},"204":{"start":{"line":205,"column":0},"end":{"line":205,"column":33}},"205":{"start":{"line":206,"column":0},"end":{"line":206,"column":26}},"206":{"start":{"line":207,"column":0},"end":{"line":207,"column":32}},"207":{"start":{"line":208,"column":0},"end":{"line":208,"column":30}},"208":{"start":{"line":209,"column":0},"end":{"line":209,"column":12}},"209":{"start":{"line":210,"column":0},"end":{"line":210,"column":30}},"210":{"start":{"line":211,"column":0},"end":{"line":211,"column":5}},"211":{"start":{"line":212,"column":0},"end":{"line":212,"column":4}},"212":{"start":{"line":213,"column":0},"end":{"line":213,"column":1}},"213":{"start":{"line":214,"column":0},"end":{"line":214,"column":0}},"214":{"start":{"line":215,"column":0},"end":{"line":215,"column":30}},"215":{"start":{"line":216,"column":0},"end":{"line":216,"column":17}},"216":{"start":{"line":217,"column":0},"end":{"line":217,"column":21}},"217":{"start":{"line":218,"column":0},"end":{"line":218,"column":2}},"218":{"start":{"line":219,"column":0},"end":{"line":219,"column":0}},"219":{"start":{"line":220,"column":0},"end":{"line":220,"column":25}},"220":{"start":{"line":221,"column":0},"end":{"line":221,"column":34}},"221":{"start":{"line":222,"column":0},"end":{"line":222,"column":27}},"222":{"start":{"line":223,"column":0},"end":{"line":223,"column":25}},"223":{"start":{"line":224,"column":0},"end":{"line":224,"column":0}},"224":{"start":{"line":225,"column":0},"end":{"line":225,"column":7}},"225":{"start":{"line":226,"column":0},"end":{"line":226,"column":57}},"226":{"start":{"line":227,"column":0},"end":{"line":227,"column":68}},"227":{"start":{"line":228,"column":0},"end":{"line":228,"column":34}},"228":{"start":{"line":229,"column":0},"end":{"line":229,"column":32}},"229":{"start":{"line":230,"column":0},"end":{"line":230,"column":7}},"230":{"start":{"line":231,"column":0},"end":{"line":231,"column":26}},"231":{"start":{"line":232,"column":0},"end":{"line":232,"column":6}},"232":{"start":{"line":233,"column":0},"end":{"line":233,"column":0}},"233":{"start":{"line":234,"column":0},"end":{"line":234,"column":22}},"234":{"start":{"line":235,"column":0},"end":{"line":235,"column":89}},"235":{"start":{"line":236,"column":0},"end":{"line":236,"column":32}},"236":{"start":{"line":237,"column":0},"end":{"line":237,"column":12}},"237":{"start":{"line":238,"column":0},"end":{"line":238,"column":5}},"238":{"start":{"line":239,"column":0},"end":{"line":239,"column":0}},"239":{"start":{"line":240,"column":0},"end":{"line":240,"column":65}},"240":{"start":{"line":241,"column":0},"end":{"line":241,"column":25}},"241":{"start":{"line":242,"column":0},"end":{"line":242,"column":54}},"242":{"start":{"line":243,"column":0},"end":{"line":243,"column":52}},"243":{"start":{"line":244,"column":0},"end":{"line":244,"column":52}},"244":{"start":{"line":245,"column":0},"end":{"line":245,"column":58}},"245":{"start":{"line":246,"column":0},"end":{"line":246,"column":7}},"246":{"start":{"line":247,"column":0},"end":{"line":247,"column":6}},"247":{"start":{"line":248,"column":0},"end":{"line":248,"column":0}},"248":{"start":{"line":249,"column":0},"end":{"line":249,"column":37}},"249":{"start":{"line":250,"column":0},"end":{"line":250,"column":19}},"250":{"start":{"line":251,"column":0},"end":{"line":251,"column":62}},"251":{"start":{"line":252,"column":0},"end":{"line":252,"column":6}},"252":{"start":{"line":253,"column":0},"end":{"line":253,"column":44}},"253":{"start":{"line":254,"column":0},"end":{"line":254,"column":33}},"254":{"start":{"line":255,"column":0},"end":{"line":255,"column":29}},"255":{"start":{"line":256,"column":0},"end":{"line":256,"column":17}},"256":{"start":{"line":257,"column":0},"end":{"line":257,"column":0}},"257":{"start":{"line":258,"column":0},"end":{"line":258,"column":18}},"258":{"start":{"line":259,"column":0},"end":{"line":259,"column":49}},"259":{"start":{"line":260,"column":0},"end":{"line":260,"column":75}},"260":{"start":{"line":261,"column":0},"end":{"line":261,"column":34}},"261":{"start":{"line":262,"column":0},"end":{"line":262,"column":14}},"262":{"start":{"line":263,"column":0},"end":{"line":263,"column":7}},"263":{"start":{"line":264,"column":0},"end":{"line":264,"column":6}},"264":{"start":{"line":265,"column":0},"end":{"line":265,"column":52}},"265":{"start":{"line":266,"column":0},"end":{"line":266,"column":6}},"266":{"start":{"line":267,"column":0},"end":{"line":267,"column":62}},"267":{"start":{"line":268,"column":0},"end":{"line":268,"column":90}},"268":{"start":{"line":269,"column":0},"end":{"line":269,"column":43}},"269":{"start":{"line":270,"column":0},"end":{"line":270,"column":7}},"270":{"start":{"line":271,"column":0},"end":{"line":271,"column":12}},"271":{"start":{"line":272,"column":0},"end":{"line":272,"column":69}},"272":{"start":{"line":273,"column":0},"end":{"line":273,"column":75}},"273":{"start":{"line":274,"column":0},"end":{"line":274,"column":32}},"274":{"start":{"line":275,"column":0},"end":{"line":275,"column":12}},"275":{"start":{"line":276,"column":0},"end":{"line":276,"column":5}},"276":{"start":{"line":277,"column":0},"end":{"line":277,"column":0}},"277":{"start":{"line":278,"column":0},"end":{"line":278,"column":25}},"278":{"start":{"line":279,"column":0},"end":{"line":279,"column":26}},"279":{"start":{"line":280,"column":0},"end":{"line":280,"column":19}},"280":{"start":{"line":281,"column":0},"end":{"line":281,"column":52}},"281":{"start":{"line":282,"column":0},"end":{"line":282,"column":71}},"282":{"start":{"line":283,"column":0},"end":{"line":283,"column":13}},"283":{"start":{"line":284,"column":0},"end":{"line":284,"column":30}},"284":{"start":{"line":285,"column":0},"end":{"line":285,"column":3}},"285":{"start":{"line":286,"column":0},"end":{"line":286,"column":1}},"286":{"start":{"line":287,"column":0},"end":{"line":287,"column":0}},"287":{"start":{"line":288,"column":0},"end":{"line":288,"column":57}},"288":{"start":{"line":289,"column":0},"end":{"line":289,"column":40}},"289":{"start":{"line":290,"column":0},"end":{"line":290,"column":49}},"290":{"start":{"line":291,"column":0},"end":{"line":291,"column":45}},"291":{"start":{"line":292,"column":0},"end":{"line":292,"column":2}},"292":{"start":{"line":293,"column":0},"end":{"line":293,"column":46}},"293":{"start":{"line":294,"column":0},"end":{"line":294,"column":65}},"294":{"start":{"line":295,"column":0},"end":{"line":295,"column":18}},"295":{"start":{"line":296,"column":0},"end":{"line":296,"column":1}},"296":{"start":{"line":297,"column":0},"end":{"line":297,"column":0}},"297":{"start":{"line":298,"column":0},"end":{"line":298,"column":43}},"298":{"start":{"line":299,"column":0},"end":{"line":299,"column":49}},"299":{"start":{"line":300,"column":0},"end":{"line":300,"column":59}},"300":{"start":{"line":301,"column":0},"end":{"line":301,"column":2}},"301":{"start":{"line":302,"column":0},"end":{"line":302,"column":7}},"302":{"start":{"line":303,"column":0},"end":{"line":303,"column":36}},"303":{"start":{"line":304,"column":0},"end":{"line":304,"column":37}},"304":{"start":{"line":305,"column":0},"end":{"line":305,"column":64}},"305":{"start":{"line":306,"column":0},"end":{"line":306,"column":56}},"306":{"start":{"line":307,"column":0},"end":{"line":307,"column":23}},"307":{"start":{"line":308,"column":0},"end":{"line":308,"column":56}},"308":{"start":{"line":309,"column":0},"end":{"line":309,"column":30}},"309":{"start":{"line":310,"column":0},"end":{"line":310,"column":36}},"310":{"start":{"line":311,"column":0},"end":{"line":311,"column":58}},"311":{"start":{"line":312,"column":0},"end":{"line":312,"column":20}},"312":{"start":{"line":313,"column":0},"end":{"line":313,"column":10}},"313":{"start":{"line":314,"column":0},"end":{"line":314,"column":8}},"314":{"start":{"line":315,"column":0},"end":{"line":315,"column":8}},"315":{"start":{"line":316,"column":0},"end":{"line":316,"column":4}},"316":{"start":{"line":317,"column":0},"end":{"line":317,"column":34}},"317":{"start":{"line":318,"column":0},"end":{"line":318,"column":34}},"318":{"start":{"line":319,"column":0},"end":{"line":319,"column":61}},"319":{"start":{"line":320,"column":0},"end":{"line":320,"column":53}},"320":{"start":{"line":321,"column":0},"end":{"line":321,"column":23}},"321":{"start":{"line":322,"column":0},"end":{"line":322,"column":56}},"322":{"start":{"line":323,"column":0},"end":{"line":323,"column":30}},"323":{"start":{"line":324,"column":0},"end":{"line":324,"column":36}},"324":{"start":{"line":325,"column":0},"end":{"line":325,"column":58}},"325":{"start":{"line":326,"column":0},"end":{"line":326,"column":20}},"326":{"start":{"line":327,"column":0},"end":{"line":327,"column":10}},"327":{"start":{"line":328,"column":0},"end":{"line":328,"column":8}},"328":{"start":{"line":329,"column":0},"end":{"line":329,"column":5}},"329":{"start":{"line":330,"column":0},"end":{"line":330,"column":19}},"330":{"start":{"line":331,"column":0},"end":{"line":331,"column":56}},"331":{"start":{"line":332,"column":0},"end":{"line":332,"column":65}},"332":{"start":{"line":333,"column":0},"end":{"line":333,"column":3}},"333":{"start":{"line":334,"column":0},"end":{"line":334,"column":1}},"334":{"start":{"line":335,"column":0},"end":{"line":335,"column":0}},"335":{"start":{"line":336,"column":0},"end":{"line":336,"column":13}},"336":{"start":{"line":337,"column":0},"end":{"line":337,"column":25}},"337":{"start":{"line":338,"column":0},"end":{"line":338,"column":21}},"338":{"start":{"line":339,"column":0},"end":{"line":339,"column":27}},"339":{"start":{"line":340,"column":0},"end":{"line":340,"column":25}},"340":{"start":{"line":341,"column":0},"end":{"line":341,"column":25}},"341":{"start":{"line":342,"column":0},"end":{"line":342,"column":1}},"342":{"start":{"line":343,"column":0},"end":{"line":343,"column":9}}},"s":{"0":1,"1":1,"2":1,"3":1,"4":1,"5":1,"6":1,"7":1,"8":1,"9":1,"10":1,"11":1,"12":1,"13":1,"14":1,"15":1,"16":1,"17":1,"18":1,"19":1,"20":1,"21":1,"22":1,"23":1,"24":1,"25":1,"26":51,"27":1,"28":1,"29":1,"30":1,"31":1,"32":1,"33":1,"34":1,"35":1,"36":1,"37":1,"38":1,"39":1,"40":1,"41":1,"42":1,"43":1,"44":1,"45":1,"46":1,"47":1,"48":1,"49":1,"50":1,"51":1,"52":1,"53":1,"54":1,"55":1,"56":1,"57":1,"58":1,"59":1,"60":1,"61":1,"62":1,"63":1,"64":1,"65":1,"66":1,"67":1,"68":1,"69":1,"70":1,"71":1,"72":1,"73":1,"74":1,"75":1,"76":1,"77":1,"78":1,"79":1,"80":1,"81":1,"82":1,"83":1,"84":1,"85":1,"86":1,"87":1,"88":1,"89":1,"90":1,"91":1,"92":1,"93":1,"94":1,"95":1,"96":1,"97":1,"98":1,"99":1,"100":1,"101":1,"102":1,"103":1,"104":1,"105":1,"106":1,"107":1,"108":1,"109":1,"110":1,"111":1,"112":1,"113":1,"114":1,"115":1,"116":1,"117":1,"118":1,"119":1,"120":1,"121":1,"122":1,"123":1,"124":1,"125":1,"126":1,"127":1,"128":1,"129":1,"130":1,"131":1,"132":1,"133":1,"134":1,"135":1,"136":1,"137":1,"138":1,"139":1,"140":1,"141":1,"142":1,"143":1,"144":1,"145":1,"146":1,"147":1,"148":1,"149":1,"150":1,"151":1,"152":1,"153":1,"154":1,"155":1,"156":1,"157":1,"158":1,"159":1,"160":1,"161":1,"162":1,"163":1,"164":1,"165":1,"166":1,"167":1,"168":1,"169":1,"170":1,"171":1,"172":1,"173":1,"174":1,"175":1,"176":1,"177":1,"178":1,"179":1,"180":1,"181":1,"182":1,"183":1,"184":1,"185":1,"186":1,"187":1,"188":1,"189":1,"190":1,"191":1,"192":1,"193":0,"194":0,"195":1,"196":1,"197":1,"198":1,"199":1,"200":1,"201":1,"202":1,"203":1,"204":1,"205":20,"206":60,"207":20,"208":60,"209":40,"210":40,"211":20,"212":20,"213":1,"214":1,"215":1,"216":19,"217":19,"218":1,"219":1,"220":1,"221":1,"222":1,"223":1,"224":1,"225":1,"226":1,"227":3,"228":1,"229":1,"230":2,"231":1,"232":1,"233":1,"234":1,"235":1,"236":1,"237":1,"238":0,"239":0,"240":0,"241":0,"242":0,"243":0,"244":0,"245":0,"246":0,"247":0,"248":0,"249":0,"250":0,"251":0,"252":0,"253":0,"254":0,"255":0,"256":0,"257":0,"258":0,"259":0,"260":0,"261":0,"262":0,"263":0,"264":0,"265":0,"266":0,"267":0,"268":0,"269":0,"270":0,"271":0,"272":0,"273":0,"274":0,"275":0,"276":0,"277":0,"278":0,"279":0,"280":0,"281":0,"282":1,"283":1,"284":1,"285":1,"286":1,"287":1,"288":1,"289":7,"290":7,"291":7,"292":7,"293":7,"294":2,"295":2,"296":1,"297":1,"298":1,"299":0,"300":0,"301":0,"302":0,"303":0,"304":0,"305":0,"306":0,"307":0,"308":0,"309":0,"310":0,"311":0,"312":0,"313":0,"314":0,"315":0,"316":0,"317":0,"318":0,"319":0,"320":0,"321":0,"322":0,"323":0,"324":0,"325":0,"326":0,"327":0,"328":0,"329":0,"330":0,"331":0,"332":0,"333":0,"334":1,"335":1,"336":1,"337":1,"338":1,"339":1,"340":1,"341":1,"342":1},"branchMap":{"0":{"type":"branch","line":183,"loc":{"start":{"line":183,"column":54},"end":{"line":183,"column":59}},"locations":[{"start":{"line":183,"column":54},"end":{"line":183,"column":59}}]},"1":{"type":"branch","line":184,"loc":{"start":{"line":184,"column":63},"end":{"line":184,"column":68}},"locations":[{"start":{"line":184,"column":63},"end":{"line":184,"column":68}}]},"2":{"type":"branch","line":193,"loc":{"start":{"line":193,"column":1},"end":{"line":195,"column":1}},"locations":[{"start":{"line":193,"column":1},"end":{"line":195,"column":1}}]},"3":{"type":"branch","line":205,"loc":{"start":{"line":205,"column":26},"end":{"line":213,"column":1}},"locations":[{"start":{"line":205,"column":26},"end":{"line":213,"column":1}}]},"4":{"type":"branch","line":206,"loc":{"start":{"line":206,"column":20},"end":{"line":212,"column":3}},"locations":[{"start":{"line":206,"column":20},"end":{"line":212,"column":3}}]},"5":{"type":"branch","line":207,"loc":{"start":{"line":207,"column":31},"end":{"line":209,"column":5}},"locations":[{"start":{"line":207,"column":31},"end":{"line":209,"column":5}}]},"6":{"type":"branch","line":209,"loc":{"start":{"line":209,"column":5},"end":{"line":211,"column":5}},"locations":[{"start":{"line":209,"column":5},"end":{"line":211,"column":5}}]},"7":{"type":"branch","line":216,"loc":{"start":{"line":216,"column":10},"end":{"line":218,"column":2}},"locations":[{"start":{"line":216,"column":10},"end":{"line":218,"column":2}}]},"8":{"type":"branch","line":221,"loc":{"start":{"line":221,"column":21},"end":{"line":286,"column":1}},"locations":[{"start":{"line":221,"column":21},"end":{"line":286,"column":1}}]},"9":{"type":"branch","line":238,"loc":{"start":{"line":238,"column":4},"end":{"line":283,"column":4}},"locations":[{"start":{"line":238,"column":4},"end":{"line":283,"column":4}}]},"10":{"type":"branch","line":227,"loc":{"start":{"line":227,"column":57},"end":{"line":232,"column":5}},"locations":[{"start":{"line":227,"column":57},"end":{"line":232,"column":5}}]},"11":{"type":"branch","line":228,"loc":{"start":{"line":228,"column":33},"end":{"line":230,"column":7}},"locations":[{"start":{"line":228,"column":33},"end":{"line":230,"column":7}}]},"12":{"type":"branch","line":230,"loc":{"start":{"line":230,"column":6},"end":{"line":232,"column":4}},"locations":[{"start":{"line":230,"column":6},"end":{"line":232,"column":4}}]},"13":{"type":"branch","line":289,"loc":{"start":{"line":289,"column":26},"end":{"line":296,"column":1}},"locations":[{"start":{"line":289,"column":26},"end":{"line":296,"column":1}}]},"14":{"type":"branch","line":293,"loc":{"start":{"line":293,"column":32},"end":{"line":293,"column":46}},"locations":[{"start":{"line":293,"column":32},"end":{"line":293,"column":46}}]},"15":{"type":"branch","line":293,"loc":{"start":{"line":293,"column":45},"end":{"line":294,"column":51}},"locations":[{"start":{"line":293,"column":45},"end":{"line":294,"column":51}}]},"16":{"type":"branch","line":294,"loc":{"start":{"line":294,"column":51},"end":{"line":294,"column":65}},"locations":[{"start":{"line":294,"column":51},"end":{"line":294,"column":65}}]},"17":{"type":"branch","line":294,"loc":{"start":{"line":294,"column":64},"end":{"line":296,"column":1}},"locations":[{"start":{"line":294,"column":64},"end":{"line":296,"column":1}}]},"18":{"type":"branch","line":337,"loc":{"start":{"line":337,"column":18},"end":{"line":342,"column":1}},"locations":[{"start":{"line":337,"column":18},"end":{"line":342,"column":1}}]},"19":{"type":"branch","line":91,"loc":{"start":{"line":91,"column":25},"end":{"line":91,"column":37}},"locations":[{"start":{"line":91,"column":25},"end":{"line":91,"column":37}}]},"20":{"type":"branch","line":107,"loc":{"start":{"line":107,"column":37},"end":{"line":107,"column":53}},"locations":[{"start":{"line":107,"column":37},"end":{"line":107,"column":53}}]},"21":{"type":"branch","line":110,"loc":{"start":{"line":110,"column":29},"end":{"line":110,"column":68}},"locations":[{"start":{"line":110,"column":29},"end":{"line":110,"column":68}}]},"22":{"type":"branch","line":110,"loc":{"start":{"line":110,"column":29},"end":{"line":110,"column":68}},"locations":[{"start":{"line":110,"column":29},"end":{"line":110,"column":68}}]},"23":{"type":"branch","line":20,"loc":{"start":{"line":20,"column":39},"end":{"line":20,"column":165}},"locations":[{"start":{"line":20,"column":39},"end":{"line":20,"column":165}}]},"24":{"type":"branch","line":20,"loc":{"start":{"line":20,"column":81},"end":{"line":20,"column":162}},"locations":[{"start":{"line":20,"column":81},"end":{"line":20,"column":162}}]},"25":{"type":"branch","line":26,"loc":{"start":{"line":26,"column":14},"end":{"line":28,"column":20}},"locations":[{"start":{"line":26,"column":14},"end":{"line":28,"column":20}}]},"26":{"type":"branch","line":68,"loc":{"start":{"line":68,"column":50},"end":{"line":68,"column":57}},"locations":[{"start":{"line":68,"column":50},"end":{"line":68,"column":57}}]},"27":{"type":"branch","line":39,"loc":{"start":{"line":39,"column":27},"end":{"line":39,"column":48}},"locations":[{"start":{"line":39,"column":27},"end":{"line":39,"column":48}}]},"28":{"type":"branch","line":55,"loc":{"start":{"line":55,"column":27},"end":{"line":55,"column":48}},"locations":[{"start":{"line":55,"column":27},"end":{"line":55,"column":48}}]},"29":{"type":"branch","line":67,"loc":{"start":{"line":67,"column":25},"end":{"line":67,"column":46}},"locations":[{"start":{"line":67,"column":25},"end":{"line":67,"column":46}}]},"30":{"type":"branch","line":91,"loc":{"start":{"line":91,"column":25},"end":{"line":91,"column":37}},"locations":[{"start":{"line":91,"column":25},"end":{"line":91,"column":37}}]}},"b":{"0":[0],"1":[0],"2":[0],"3":[20],"4":[60],"5":[20],"6":[40],"7":[19],"8":[1],"9":[0],"10":[3],"11":[1],"12":[2],"13":[7],"14":[2],"15":[5],"16":[3],"17":[2],"18":[1],"19":[19],"20":[50],"21":[1],"22":[50],"23":[51],"24":[0],"25":[51],"26":[0],"27":[1],"28":[1],"29":[3],"30":[4]},"fnMap":{"0":{"name":"initializeAnswers","decl":{"start":{"line":205,"column":26},"end":{"line":213,"column":1}},"loc":{"start":{"line":205,"column":26},"end":{"line":213,"column":1}},"line":205},"1":{"name":"handleSubmit","decl":{"start":{"line":221,"column":21},"end":{"line":286,"column":1}},"loc":{"start":{"line":221,"column":21},"end":{"line":286,"column":1}},"line":221},"2":{"name":"detectContactType","decl":{"start":{"line":289,"column":26},"end":{"line":296,"column":1}},"loc":{"start":{"line":289,"column":26},"end":{"line":296,"column":1}},"line":289},"3":{"name":"sendNotifications","decl":{"start":{"line":299,"column":26},"end":{"line":334,"column":1}},"loc":{"start":{"line":299,"column":26},"end":{"line":334,"column":1}},"line":299},"4":{"name":"resetForm","decl":{"start":{"line":337,"column":18},"end":{"line":342,"column":1}},"loc":{"start":{"line":337,"column":18},"end":{"line":342,"column":1}},"line":337},"5":{"name":"onUpdate:modelValue","decl":{"start":{"line":39,"column":27},"end":{"line":39,"column":48}},"loc":{"start":{"line":39,"column":27},"end":{"line":39,"column":48}},"line":39},"6":{"name":"onUpdate:modelValue","decl":{"start":{"line":55,"column":27},"end":{"line":55,"column":48}},"loc":{"start":{"line":55,"column":27},"end":{"line":55,"column":48}},"line":55},"7":{"name":"onUpdate:modelValue","decl":{"start":{"line":67,"column":25},"end":{"line":67,"column":46}},"loc":{"start":{"line":67,"column":25},"end":{"line":67,"column":46}},"line":67},"8":{"name":"onUpdate:modelValue","decl":{"start":{"line":77,"column":25},"end":{"line":77,"column":46}},"loc":{"start":{"line":77,"column":25},"end":{"line":77,"column":46}},"line":77},"9":{"name":"__vite_ssr_import_3__.createElementBlock.__vite_ssr_import_3__.createElementVNode.__vite_ssr_import_3__.createElementVNode.__vite_ssr_import_3__.createElementBlock.__vite_ssr_import_3__.createElementVNode.__vite_ssr_import_3__.createElementVNode.__vite_ssr_import_3__.withDirectives.__vite_ssr_import_3__.createElementVNode.onUpdate:modelValue._cache.<computed>._cache.<computed>","decl":{"start":{"line":91,"column":25},"end":{"line":91,"column":37}},"loc":{"start":{"line":91,"column":25},"end":{"line":91,"column":37}},"line":91}},"f":{"0":20,"1":1,"2":7,"3":0,"4":1,"5":1,"6":1,"7":3,"8":0,"9":4}}
,"/workspaces/linkize-survey/src/main.js": {"path":"/workspaces/linkize-survey/src/main.js","all":true,"statementMap":{"0":{"start":{"line":1,"column":0},"end":{"line":1,"column":31}},"1":{"start":{"line":2,"column":0},"end":{"line":2,"column":20}},"2":{"start":{"line":3,"column":0},"end":{"line":3,"column":27}},"3":{"start":{"line":4,"column":0},"end":{"line":4,"column":0}},"4":{"start":{"line":5,"column":0},"end":{"line":5,"column":28}}},"s":{"0":0,"1":0,"2":0,"3":0,"4":0},"branchMap":{"0":{"type":"branch","line":1,"loc":{"start":{"line":1,"column":110},"end":{"line":5,"column":28}},"locations":[{"start":{"line":1,"column":110},"end":{"line":5,"column":28}}]}},"b":{"0":[0]},"fnMap":{"0":{"name":"(empty-report)","decl":{"start":{"line":1,"column":110},"end":{"line":5,"column":28}},"loc":{"start":{"line":1,"column":110},"end":{"line":5,"column":28}},"line":1}},"f":{"0":0}}
}
